0 info it worked if it ends with ok
1 verbose cli [ '/usr/local/bin/node', '/usr/local/bin/npm', 'install' ]
2 info using npm@2.15.9
3 info using node@v4.5.0
4 verbose readDependencies loading dependencies from /Users/satwinderpal/Documents/meadowlark/package.json
5 warn package.json meadowlark@0.0.1 No repository field.
6 warn package.json meadowlark@0.0.1 No README data
7 verbose install where, deps [ '/Users/satwinderpal/Documents/meadowlark',
7 verbose install   [ 'express',
7 verbose install     'express3-handlebars',
7 verbose install     'marked',
7 verbose install     'chai',
7 verbose install     'mocha',
7 verbose install     'zombie' ] ]
8 verbose install where, peers [ '/Users/satwinderpal/Documents/meadowlark', [] ]
9 verbose installManyTop reading for lifecycle /Users/satwinderpal/Documents/meadowlark/package.json
10 info preinstall meadowlark@0.0.1
11 verbose installManyTop reading scoped package data from /Users/satwinderpal/Documents/meadowlark/node_modules/accepts/package.json
12 verbose installManyTop reading scoped package data from /Users/satwinderpal/Documents/meadowlark/node_modules/acorn/package.json
13 verbose installManyTop reading scoped package data from /Users/satwinderpal/Documents/meadowlark/node_modules/acorn-globals/package.json
14 verbose installManyTop reading scoped package data from /Users/satwinderpal/Documents/meadowlark/node_modules/amdefine/package.json
15 verbose installManyTop reading scoped package data from /Users/satwinderpal/Documents/meadowlark/node_modules/ansi-regex/package.json
16 verbose installManyTop reading scoped package data from /Users/satwinderpal/Documents/meadowlark/node_modules/ansi-styles/package.json
17 verbose installManyTop reading scoped package data from /Users/satwinderpal/Documents/meadowlark/node_modules/array-flatten/package.json
18 verbose installManyTop reading scoped package data from /Users/satwinderpal/Documents/meadowlark/node_modules/asn1/package.json
19 verbose installManyTop reading scoped package data from /Users/satwinderpal/Documents/meadowlark/node_modules/assert-plus/package.json
20 verbose installManyTop reading scoped package data from /Users/satwinderpal/Documents/meadowlark/node_modules/assertion-error/package.json
21 verbose installManyTop reading scoped package data from /Users/satwinderpal/Documents/meadowlark/node_modules/async/package.json
22 verbose installManyTop reading scoped package data from /Users/satwinderpal/Documents/meadowlark/node_modules/aws-sign2/package.json
23 verbose installManyTop reading scoped package data from /Users/satwinderpal/Documents/meadowlark/node_modules/aws4/package.json
24 verbose installManyTop reading scoped package data from /Users/satwinderpal/Documents/meadowlark/node_modules/babel-runtime/package.json
25 verbose installManyTop reading scoped package data from /Users/satwinderpal/Documents/meadowlark/node_modules/balanced-match/package.json
26 verbose installManyTop reading scoped package data from /Users/satwinderpal/Documents/meadowlark/node_modules/bindings/package.json
27 verbose installManyTop reading scoped package data from /Users/satwinderpal/Documents/meadowlark/node_modules/bl/package.json
28 verbose installManyTop reading scoped package data from /Users/satwinderpal/Documents/meadowlark/node_modules/bluebird/package.json
29 verbose installManyTop reading scoped package data from /Users/satwinderpal/Documents/meadowlark/node_modules/boom/package.json
30 verbose installManyTop reading scoped package data from /Users/satwinderpal/Documents/meadowlark/node_modules/brace-expansion/package.json
31 verbose installManyTop reading scoped package data from /Users/satwinderpal/Documents/meadowlark/node_modules/browser-request/package.json
32 verbose installManyTop reading scoped package data from /Users/satwinderpal/Documents/meadowlark/node_modules/browser-stdout/package.json
33 verbose installManyTop reading scoped package data from /Users/satwinderpal/Documents/meadowlark/node_modules/buffer-shims/package.json
34 verbose installManyTop reading scoped package data from /Users/satwinderpal/Documents/meadowlark/node_modules/bufferutil/package.json
35 verbose installManyTop reading scoped package data from /Users/satwinderpal/Documents/meadowlark/node_modules/caseless/package.json
36 verbose installManyTop reading scoped package data from /Users/satwinderpal/Documents/meadowlark/node_modules/chai/package.json
37 verbose installManyTop reading scoped package data from /Users/satwinderpal/Documents/meadowlark/node_modules/chalk/package.json
38 verbose installManyTop reading scoped package data from /Users/satwinderpal/Documents/meadowlark/node_modules/combined-stream/package.json
39 verbose installManyTop reading scoped package data from /Users/satwinderpal/Documents/meadowlark/node_modules/commander/package.json
40 verbose installManyTop reading scoped package data from /Users/satwinderpal/Documents/meadowlark/node_modules/concat-map/package.json
41 verbose installManyTop reading scoped package data from /Users/satwinderpal/Documents/meadowlark/node_modules/content-disposition/package.json
42 verbose installManyTop reading scoped package data from /Users/satwinderpal/Documents/meadowlark/node_modules/content-type/package.json
43 verbose installManyTop reading scoped package data from /Users/satwinderpal/Documents/meadowlark/node_modules/cookie/package.json
44 verbose installManyTop reading scoped package data from /Users/satwinderpal/Documents/meadowlark/node_modules/cookie-signature/package.json
45 verbose installManyTop reading scoped package data from /Users/satwinderpal/Documents/meadowlark/node_modules/core-js/package.json
46 verbose installManyTop reading scoped package data from /Users/satwinderpal/Documents/meadowlark/node_modules/core-util-is/package.json
47 verbose installManyTop reading scoped package data from /Users/satwinderpal/Documents/meadowlark/node_modules/cryptiles/package.json
48 verbose installManyTop reading scoped package data from /Users/satwinderpal/Documents/meadowlark/node_modules/cssom/package.json
49 verbose installManyTop reading scoped package data from /Users/satwinderpal/Documents/meadowlark/node_modules/cssstyle/package.json
50 verbose installManyTop reading scoped package data from /Users/satwinderpal/Documents/meadowlark/node_modules/dashdash/package.json
51 verbose installManyTop reading scoped package data from /Users/satwinderpal/Documents/meadowlark/node_modules/debug/package.json
52 verbose installManyTop reading scoped package data from /Users/satwinderpal/Documents/meadowlark/node_modules/deep-eql/package.json
53 verbose installManyTop reading scoped package data from /Users/satwinderpal/Documents/meadowlark/node_modules/deep-is/package.json
54 verbose installManyTop reading scoped package data from /Users/satwinderpal/Documents/meadowlark/node_modules/delayed-stream/package.json
55 verbose installManyTop reading scoped package data from /Users/satwinderpal/Documents/meadowlark/node_modules/depd/package.json
56 verbose installManyTop reading scoped package data from /Users/satwinderpal/Documents/meadowlark/node_modules/destroy/package.json
57 verbose installManyTop reading scoped package data from /Users/satwinderpal/Documents/meadowlark/node_modules/diff/package.json
58 verbose installManyTop reading scoped package data from /Users/satwinderpal/Documents/meadowlark/node_modules/dom-serializer/package.json
59 verbose installManyTop reading scoped package data from /Users/satwinderpal/Documents/meadowlark/node_modules/domelementtype/package.json
60 verbose installManyTop reading scoped package data from /Users/satwinderpal/Documents/meadowlark/node_modules/domhandler/package.json
61 verbose installManyTop reading scoped package data from /Users/satwinderpal/Documents/meadowlark/node_modules/domutils/package.json
62 verbose installManyTop reading scoped package data from /Users/satwinderpal/Documents/meadowlark/node_modules/ecc-jsbn/package.json
63 verbose installManyTop reading scoped package data from /Users/satwinderpal/Documents/meadowlark/node_modules/ee-first/package.json
64 verbose installManyTop reading scoped package data from /Users/satwinderpal/Documents/meadowlark/node_modules/encodeurl/package.json
65 verbose installManyTop reading scoped package data from /Users/satwinderpal/Documents/meadowlark/node_modules/entities/package.json
66 verbose installManyTop reading scoped package data from /Users/satwinderpal/Documents/meadowlark/node_modules/escape-html/package.json
67 verbose installManyTop reading scoped package data from /Users/satwinderpal/Documents/meadowlark/node_modules/escape-string-regexp/package.json
68 verbose installManyTop reading scoped package data from /Users/satwinderpal/Documents/meadowlark/node_modules/escodegen/package.json
69 verbose installManyTop reading scoped package data from /Users/satwinderpal/Documents/meadowlark/node_modules/esprima/package.json
70 verbose installManyTop reading scoped package data from /Users/satwinderpal/Documents/meadowlark/node_modules/estraverse/package.json
71 verbose installManyTop reading scoped package data from /Users/satwinderpal/Documents/meadowlark/node_modules/esutils/package.json
72 verbose installManyTop reading scoped package data from /Users/satwinderpal/Documents/meadowlark/node_modules/etag/package.json
73 verbose installManyTop reading scoped package data from /Users/satwinderpal/Documents/meadowlark/node_modules/eventsource/package.json
74 verbose installManyTop reading scoped package data from /Users/satwinderpal/Documents/meadowlark/node_modules/express/package.json
75 verbose installManyTop reading scoped package data from /Users/satwinderpal/Documents/meadowlark/node_modules/express3-handlebars/package.json
76 verbose installManyTop reading scoped package data from /Users/satwinderpal/Documents/meadowlark/node_modules/extend/package.json
77 verbose installManyTop reading scoped package data from /Users/satwinderpal/Documents/meadowlark/node_modules/extsprintf/package.json
78 verbose installManyTop reading scoped package data from /Users/satwinderpal/Documents/meadowlark/node_modules/fast-levenshtein/package.json
79 verbose installManyTop reading scoped package data from /Users/satwinderpal/Documents/meadowlark/node_modules/finalhandler/package.json
80 verbose installManyTop reading scoped package data from /Users/satwinderpal/Documents/meadowlark/node_modules/forever-agent/package.json
81 verbose installManyTop reading scoped package data from /Users/satwinderpal/Documents/meadowlark/node_modules/form-data/package.json
82 verbose installManyTop reading scoped package data from /Users/satwinderpal/Documents/meadowlark/node_modules/forwarded/package.json
83 verbose installManyTop reading scoped package data from /Users/satwinderpal/Documents/meadowlark/node_modules/fresh/package.json
84 verbose installManyTop reading scoped package data from /Users/satwinderpal/Documents/meadowlark/node_modules/fs.realpath/package.json
85 verbose installManyTop reading scoped package data from /Users/satwinderpal/Documents/meadowlark/node_modules/generate-function/package.json
86 verbose installManyTop reading scoped package data from /Users/satwinderpal/Documents/meadowlark/node_modules/generate-object-property/package.json
87 verbose installManyTop reading scoped package data from /Users/satwinderpal/Documents/meadowlark/node_modules/getpass/package.json
88 verbose installManyTop reading scoped package data from /Users/satwinderpal/Documents/meadowlark/node_modules/glob/package.json
89 verbose installManyTop reading scoped package data from /Users/satwinderpal/Documents/meadowlark/node_modules/graceful-readlink/package.json
90 verbose installManyTop reading scoped package data from /Users/satwinderpal/Documents/meadowlark/node_modules/growl/package.json
91 verbose installManyTop reading scoped package data from /Users/satwinderpal/Documents/meadowlark/node_modules/handlebars/package.json
92 verbose installManyTop reading scoped package data from /Users/satwinderpal/Documents/meadowlark/node_modules/har-validator/package.json
93 verbose installManyTop reading scoped package data from /Users/satwinderpal/Documents/meadowlark/node_modules/has-ansi/package.json
94 verbose installManyTop reading scoped package data from /Users/satwinderpal/Documents/meadowlark/node_modules/has-flag/package.json
95 verbose installManyTop reading scoped package data from /Users/satwinderpal/Documents/meadowlark/node_modules/hawk/package.json
96 verbose installManyTop reading scoped package data from /Users/satwinderpal/Documents/meadowlark/node_modules/hoek/package.json
97 verbose installManyTop reading scoped package data from /Users/satwinderpal/Documents/meadowlark/node_modules/htmlparser2/package.json
98 verbose installManyTop reading scoped package data from /Users/satwinderpal/Documents/meadowlark/node_modules/http-errors/package.json
99 verbose installManyTop reading scoped package data from /Users/satwinderpal/Documents/meadowlark/node_modules/http-signature/package.json
100 verbose installManyTop reading scoped package data from /Users/satwinderpal/Documents/meadowlark/node_modules/iconv-lite/package.json
101 verbose installManyTop reading scoped package data from /Users/satwinderpal/Documents/meadowlark/node_modules/inflight/package.json
102 verbose installManyTop reading scoped package data from /Users/satwinderpal/Documents/meadowlark/node_modules/inherits/package.json
103 verbose installManyTop reading scoped package data from /Users/satwinderpal/Documents/meadowlark/node_modules/ipaddr.js/package.json
104 verbose installManyTop reading scoped package data from /Users/satwinderpal/Documents/meadowlark/node_modules/is-my-json-valid/package.json
105 verbose installManyTop reading scoped package data from /Users/satwinderpal/Documents/meadowlark/node_modules/is-property/package.json
106 verbose installManyTop reading scoped package data from /Users/satwinderpal/Documents/meadowlark/node_modules/is-typedarray/package.json
107 verbose installManyTop reading scoped package data from /Users/satwinderpal/Documents/meadowlark/node_modules/isarray/package.json
108 verbose installManyTop reading scoped package data from /Users/satwinderpal/Documents/meadowlark/node_modules/isstream/package.json
109 verbose installManyTop reading scoped package data from /Users/satwinderpal/Documents/meadowlark/node_modules/jodid25519/package.json
110 verbose installManyTop reading scoped package data from /Users/satwinderpal/Documents/meadowlark/node_modules/jsbn/package.json
111 verbose installManyTop reading scoped package data from /Users/satwinderpal/Documents/meadowlark/node_modules/jsdom/package.json
112 verbose installManyTop reading scoped package data from /Users/satwinderpal/Documents/meadowlark/node_modules/json-schema/package.json
113 verbose installManyTop reading scoped package data from /Users/satwinderpal/Documents/meadowlark/node_modules/json-stringify-safe/package.json
114 verbose installManyTop reading scoped package data from /Users/satwinderpal/Documents/meadowlark/node_modules/json3/package.json
115 verbose installManyTop reading scoped package data from /Users/satwinderpal/Documents/meadowlark/node_modules/jsonpointer/package.json
116 verbose installManyTop reading scoped package data from /Users/satwinderpal/Documents/meadowlark/node_modules/jsprim/package.json
117 verbose installManyTop reading scoped package data from /Users/satwinderpal/Documents/meadowlark/node_modules/levn/package.json
118 verbose installManyTop reading scoped package data from /Users/satwinderpal/Documents/meadowlark/node_modules/lodash/package.json
119 verbose installManyTop reading scoped package data from /Users/satwinderpal/Documents/meadowlark/node_modules/lodash._baseassign/package.json
120 verbose installManyTop reading scoped package data from /Users/satwinderpal/Documents/meadowlark/node_modules/lodash._basecopy/package.json
121 verbose installManyTop reading scoped package data from /Users/satwinderpal/Documents/meadowlark/node_modules/lodash._basecreate/package.json
122 verbose installManyTop reading scoped package data from /Users/satwinderpal/Documents/meadowlark/node_modules/lodash._getnative/package.json
123 verbose installManyTop reading scoped package data from /Users/satwinderpal/Documents/meadowlark/node_modules/lodash._isiterateecall/package.json
124 verbose installManyTop reading scoped package data from /Users/satwinderpal/Documents/meadowlark/node_modules/lodash.create/package.json
125 verbose installManyTop reading scoped package data from /Users/satwinderpal/Documents/meadowlark/node_modules/lodash.isarguments/package.json
126 verbose installManyTop reading scoped package data from /Users/satwinderpal/Documents/meadowlark/node_modules/lodash.isarray/package.json
127 verbose installManyTop reading scoped package data from /Users/satwinderpal/Documents/meadowlark/node_modules/lodash.keys/package.json
128 verbose installManyTop reading scoped package data from /Users/satwinderpal/Documents/meadowlark/node_modules/lru-cache/package.json
129 verbose installManyTop reading scoped package data from /Users/satwinderpal/Documents/meadowlark/node_modules/marked/package.json
130 verbose installManyTop reading scoped package data from /Users/satwinderpal/Documents/meadowlark/node_modules/media-typer/package.json
131 verbose installManyTop reading scoped package data from /Users/satwinderpal/Documents/meadowlark/node_modules/merge-descriptors/package.json
132 verbose installManyTop reading scoped package data from /Users/satwinderpal/Documents/meadowlark/node_modules/methods/package.json
133 verbose installManyTop reading scoped package data from /Users/satwinderpal/Documents/meadowlark/node_modules/mime/package.json
134 verbose installManyTop reading scoped package data from /Users/satwinderpal/Documents/meadowlark/node_modules/mime-db/package.json
135 verbose installManyTop reading scoped package data from /Users/satwinderpal/Documents/meadowlark/node_modules/mime-types/package.json
136 verbose installManyTop reading scoped package data from /Users/satwinderpal/Documents/meadowlark/node_modules/minimatch/package.json
137 verbose installManyTop reading scoped package data from /Users/satwinderpal/Documents/meadowlark/node_modules/minimist/package.json
138 verbose installManyTop reading scoped package data from /Users/satwinderpal/Documents/meadowlark/node_modules/mkdirp/package.json
139 verbose installManyTop reading scoped package data from /Users/satwinderpal/Documents/meadowlark/node_modules/mocha/package.json
140 verbose installManyTop reading scoped package data from /Users/satwinderpal/Documents/meadowlark/node_modules/ms/package.json
141 verbose installManyTop reading scoped package data from /Users/satwinderpal/Documents/meadowlark/node_modules/nan/package.json
142 verbose installManyTop reading scoped package data from /Users/satwinderpal/Documents/meadowlark/node_modules/negotiator/package.json
143 verbose installManyTop reading scoped package data from /Users/satwinderpal/Documents/meadowlark/node_modules/node-uuid/package.json
144 verbose installManyTop reading scoped package data from /Users/satwinderpal/Documents/meadowlark/node_modules/nwmatcher/package.json
145 verbose installManyTop reading scoped package data from /Users/satwinderpal/Documents/meadowlark/node_modules/oauth-sign/package.json
146 verbose installManyTop reading scoped package data from /Users/satwinderpal/Documents/meadowlark/node_modules/on-finished/package.json
147 verbose installManyTop reading scoped package data from /Users/satwinderpal/Documents/meadowlark/node_modules/once/package.json
148 verbose installManyTop reading scoped package data from /Users/satwinderpal/Documents/meadowlark/node_modules/optimist/package.json
149 verbose installManyTop reading scoped package data from /Users/satwinderpal/Documents/meadowlark/node_modules/optionator/package.json
150 verbose installManyTop reading scoped package data from /Users/satwinderpal/Documents/meadowlark/node_modules/options/package.json
151 verbose installManyTop reading scoped package data from /Users/satwinderpal/Documents/meadowlark/node_modules/original/package.json
152 verbose installManyTop reading scoped package data from /Users/satwinderpal/Documents/meadowlark/node_modules/parse5/package.json
153 verbose installManyTop reading scoped package data from /Users/satwinderpal/Documents/meadowlark/node_modules/parseurl/package.json
154 verbose installManyTop reading scoped package data from /Users/satwinderpal/Documents/meadowlark/node_modules/path-is-absolute/package.json
155 verbose installManyTop reading scoped package data from /Users/satwinderpal/Documents/meadowlark/node_modules/path-to-regexp/package.json
156 verbose installManyTop reading scoped package data from /Users/satwinderpal/Documents/meadowlark/node_modules/pinkie/package.json
157 verbose installManyTop reading scoped package data from /Users/satwinderpal/Documents/meadowlark/node_modules/pinkie-promise/package.json
158 verbose installManyTop reading scoped package data from /Users/satwinderpal/Documents/meadowlark/node_modules/prelude-ls/package.json
159 verbose installManyTop reading scoped package data from /Users/satwinderpal/Documents/meadowlark/node_modules/process-nextick-args/package.json
160 verbose installManyTop reading scoped package data from /Users/satwinderpal/Documents/meadowlark/node_modules/proxy-addr/package.json
161 verbose installManyTop reading scoped package data from /Users/satwinderpal/Documents/meadowlark/node_modules/punycode/package.json
162 verbose installManyTop reading scoped package data from /Users/satwinderpal/Documents/meadowlark/node_modules/qs/package.json
163 verbose installManyTop reading scoped package data from /Users/satwinderpal/Documents/meadowlark/node_modules/querystringify/package.json
164 verbose installManyTop reading scoped package data from /Users/satwinderpal/Documents/meadowlark/node_modules/range-parser/package.json
165 verbose installManyTop reading scoped package data from /Users/satwinderpal/Documents/meadowlark/node_modules/readable-stream/package.json
166 verbose installManyTop reading scoped package data from /Users/satwinderpal/Documents/meadowlark/node_modules/request/package.json
167 verbose installManyTop reading scoped package data from /Users/satwinderpal/Documents/meadowlark/node_modules/requires-port/package.json
168 verbose installManyTop reading scoped package data from /Users/satwinderpal/Documents/meadowlark/node_modules/semver/package.json
169 verbose installManyTop reading scoped package data from /Users/satwinderpal/Documents/meadowlark/node_modules/send/package.json
170 verbose installManyTop reading scoped package data from /Users/satwinderpal/Documents/meadowlark/node_modules/serve-static/package.json
171 verbose installManyTop reading scoped package data from /Users/satwinderpal/Documents/meadowlark/node_modules/setprototypeof/package.json
172 verbose installManyTop reading scoped package data from /Users/satwinderpal/Documents/meadowlark/node_modules/sigmund/package.json
173 verbose installManyTop reading scoped package data from /Users/satwinderpal/Documents/meadowlark/node_modules/sntp/package.json
174 verbose installManyTop reading scoped package data from /Users/satwinderpal/Documents/meadowlark/node_modules/source-map/package.json
175 verbose installManyTop reading scoped package data from /Users/satwinderpal/Documents/meadowlark/node_modules/sshpk/package.json
176 verbose installManyTop reading scoped package data from /Users/satwinderpal/Documents/meadowlark/node_modules/statuses/package.json
177 verbose installManyTop reading scoped package data from /Users/satwinderpal/Documents/meadowlark/node_modules/string_decoder/package.json
178 verbose installManyTop reading scoped package data from /Users/satwinderpal/Documents/meadowlark/node_modules/stringstream/package.json
179 verbose installManyTop reading scoped package data from /Users/satwinderpal/Documents/meadowlark/node_modules/strip-ansi/package.json
180 verbose installManyTop reading scoped package data from /Users/satwinderpal/Documents/meadowlark/node_modules/supports-color/package.json
181 verbose installManyTop reading scoped package data from /Users/satwinderpal/Documents/meadowlark/node_modules/tough-cookie/package.json
182 verbose installManyTop reading scoped package data from /Users/satwinderpal/Documents/meadowlark/node_modules/tunnel-agent/package.json
183 verbose installManyTop reading scoped package data from /Users/satwinderpal/Documents/meadowlark/node_modules/tweetnacl/package.json
184 verbose installManyTop reading scoped package data from /Users/satwinderpal/Documents/meadowlark/node_modules/type-check/package.json
185 verbose installManyTop reading scoped package data from /Users/satwinderpal/Documents/meadowlark/node_modules/type-detect/package.json
186 verbose installManyTop reading scoped package data from /Users/satwinderpal/Documents/meadowlark/node_modules/type-is/package.json
187 verbose installManyTop reading scoped package data from /Users/satwinderpal/Documents/meadowlark/node_modules/uglify-js/package.json
188 verbose installManyTop reading scoped package data from /Users/satwinderpal/Documents/meadowlark/node_modules/ultron/package.json
189 verbose installManyTop reading scoped package data from /Users/satwinderpal/Documents/meadowlark/node_modules/unpipe/package.json
190 verbose installManyTop reading scoped package data from /Users/satwinderpal/Documents/meadowlark/node_modules/url-parse/package.json
191 verbose installManyTop reading scoped package data from /Users/satwinderpal/Documents/meadowlark/node_modules/utf-8-validate/package.json
192 verbose installManyTop reading scoped package data from /Users/satwinderpal/Documents/meadowlark/node_modules/util-deprecate/package.json
193 verbose installManyTop reading scoped package data from /Users/satwinderpal/Documents/meadowlark/node_modules/utils-merge/package.json
194 verbose installManyTop reading scoped package data from /Users/satwinderpal/Documents/meadowlark/node_modules/vary/package.json
195 verbose installManyTop reading scoped package data from /Users/satwinderpal/Documents/meadowlark/node_modules/verror/package.json
196 verbose installManyTop reading scoped package data from /Users/satwinderpal/Documents/meadowlark/node_modules/wordwrap/package.json
197 verbose installManyTop reading scoped package data from /Users/satwinderpal/Documents/meadowlark/node_modules/wrappy/package.json
198 verbose installManyTop reading scoped package data from /Users/satwinderpal/Documents/meadowlark/node_modules/ws/package.json
199 verbose installManyTop reading scoped package data from /Users/satwinderpal/Documents/meadowlark/node_modules/xml-name-validator/package.json
200 verbose installManyTop reading scoped package data from /Users/satwinderpal/Documents/meadowlark/node_modules/xmlhttprequest/package.json
201 verbose installManyTop reading scoped package data from /Users/satwinderpal/Documents/meadowlark/node_modules/xtend/package.json
202 verbose installManyTop reading scoped package data from /Users/satwinderpal/Documents/meadowlark/node_modules/zombie/package.json
203 info package.json async@0.2.10 No license field.
204 info package.json browser-request@0.3.3 No license field.
205 info package.json deep-is@0.1.3 license should be a valid SPDX license expression
206 info package.json diff@1.4.0 No license field.
207 info package.json domelementtype@1.3.0 No license field.
208 info package.json domhandler@2.3.0 No license field.
209 info package.json domutils@1.5.1 No license field.
210 info package.json entities@1.1.1 license should be a valid SPDX license expression
211 info package.json esutils@2.0.2 No license field.
212 info package.json eventsource@0.1.6 No license field.
213 info package.json express3-handlebars@0.5.2 No license field.
214 info package.json extsprintf@1.0.2 No license field.
215 info package.json glob@3.2.11 license should be a valid SPDX license expression
216 info package.json estraverse@1.9.3 No license field.
217 info package.json jsbn@0.1.0 license should be a valid SPDX license expression
218 info package.json jsdom@5.3.0 license should be a valid SPDX license expression
219 info package.json json-schema@0.2.2 No license field.
220 info package.json json3@3.3.2 No license field.
221 info package.json minimatch@0.3.0 license should be a valid SPDX license expression
222 info package.json mime@1.3.4 No license field.
223 info package.json ms@0.7.1 No license field.
224 info package.json nwmatcher@1.3.8 No license field.
225 info package.json node-uuid@1.4.7 No license field.
226 info package.json optimist@0.3.7 license should be a valid SPDX license expression
227 info package.json parse5@1.5.1 No license field.
228 info package.json options@0.0.6 No license field.
229 info package.json prelude-ls@1.1.2 No license field.
230 info package.json punycode@2.0.0 punycode is also the name of a node core module.
231 info package.json semver@2.3.2 license should be a valid SPDX license expression
232 info package.json source-map@0.1.43 No license field.
233 info package.json sntp@1.0.9 No license field.
234 info package.json tweetnacl@0.13.3 license should be a valid SPDX license expression
235 info package.json uglify-js@2.3.6 No license field.
236 info package.json utils-merge@1.0.0 No license field.
237 info package.json verror@1.3.6 No license field.
238 info package.json string_decoder@0.10.31 string_decoder is also the name of a node core module.
239 verbose readDependencies loading dependencies from /Users/satwinderpal/Documents/meadowlark/package.json
240 verbose targetResolver reading package data from /Users/satwinderpal/Documents/meadowlark/node_modules/accepts/package.json
241 verbose targetResolver reading package data from /Users/satwinderpal/Documents/meadowlark/node_modules/acorn/package.json
242 verbose targetResolver reading package data from /Users/satwinderpal/Documents/meadowlark/node_modules/acorn-globals/package.json
243 verbose targetResolver reading package data from /Users/satwinderpal/Documents/meadowlark/node_modules/amdefine/package.json
244 verbose targetResolver reading package data from /Users/satwinderpal/Documents/meadowlark/node_modules/ansi-regex/package.json
245 verbose targetResolver reading package data from /Users/satwinderpal/Documents/meadowlark/node_modules/ansi-styles/package.json
246 verbose targetResolver reading package data from /Users/satwinderpal/Documents/meadowlark/node_modules/array-flatten/package.json
247 verbose targetResolver reading package data from /Users/satwinderpal/Documents/meadowlark/node_modules/asn1/package.json
248 verbose targetResolver reading package data from /Users/satwinderpal/Documents/meadowlark/node_modules/assert-plus/package.json
249 verbose targetResolver reading package data from /Users/satwinderpal/Documents/meadowlark/node_modules/assertion-error/package.json
250 verbose targetResolver reading package data from /Users/satwinderpal/Documents/meadowlark/node_modules/async/package.json
251 verbose targetResolver reading package data from /Users/satwinderpal/Documents/meadowlark/node_modules/aws-sign2/package.json
252 verbose targetResolver reading package data from /Users/satwinderpal/Documents/meadowlark/node_modules/aws4/package.json
253 verbose targetResolver reading package data from /Users/satwinderpal/Documents/meadowlark/node_modules/babel-runtime/package.json
254 verbose targetResolver reading package data from /Users/satwinderpal/Documents/meadowlark/node_modules/balanced-match/package.json
255 verbose targetResolver reading package data from /Users/satwinderpal/Documents/meadowlark/node_modules/bindings/package.json
256 verbose targetResolver reading package data from /Users/satwinderpal/Documents/meadowlark/node_modules/bl/package.json
257 verbose targetResolver reading package data from /Users/satwinderpal/Documents/meadowlark/node_modules/bluebird/package.json
258 verbose targetResolver reading package data from /Users/satwinderpal/Documents/meadowlark/node_modules/boom/package.json
259 verbose targetResolver reading package data from /Users/satwinderpal/Documents/meadowlark/node_modules/brace-expansion/package.json
260 verbose targetResolver reading package data from /Users/satwinderpal/Documents/meadowlark/node_modules/browser-request/package.json
261 verbose targetResolver reading package data from /Users/satwinderpal/Documents/meadowlark/node_modules/browser-stdout/package.json
262 verbose targetResolver reading package data from /Users/satwinderpal/Documents/meadowlark/node_modules/buffer-shims/package.json
263 verbose targetResolver reading package data from /Users/satwinderpal/Documents/meadowlark/node_modules/bufferutil/package.json
264 verbose targetResolver reading package data from /Users/satwinderpal/Documents/meadowlark/node_modules/caseless/package.json
265 verbose targetResolver reading package data from /Users/satwinderpal/Documents/meadowlark/node_modules/chai/package.json
266 verbose targetResolver reading package data from /Users/satwinderpal/Documents/meadowlark/node_modules/chalk/package.json
267 verbose targetResolver reading package data from /Users/satwinderpal/Documents/meadowlark/node_modules/combined-stream/package.json
268 verbose targetResolver reading package data from /Users/satwinderpal/Documents/meadowlark/node_modules/commander/package.json
269 verbose targetResolver reading package data from /Users/satwinderpal/Documents/meadowlark/node_modules/concat-map/package.json
270 verbose targetResolver reading package data from /Users/satwinderpal/Documents/meadowlark/node_modules/content-disposition/package.json
271 verbose targetResolver reading package data from /Users/satwinderpal/Documents/meadowlark/node_modules/content-type/package.json
272 verbose targetResolver reading package data from /Users/satwinderpal/Documents/meadowlark/node_modules/cookie/package.json
273 verbose targetResolver reading package data from /Users/satwinderpal/Documents/meadowlark/node_modules/cookie-signature/package.json
274 verbose targetResolver reading package data from /Users/satwinderpal/Documents/meadowlark/node_modules/core-js/package.json
275 verbose targetResolver reading package data from /Users/satwinderpal/Documents/meadowlark/node_modules/core-util-is/package.json
276 verbose targetResolver reading package data from /Users/satwinderpal/Documents/meadowlark/node_modules/cryptiles/package.json
277 verbose targetResolver reading package data from /Users/satwinderpal/Documents/meadowlark/node_modules/cssom/package.json
278 verbose targetResolver reading package data from /Users/satwinderpal/Documents/meadowlark/node_modules/cssstyle/package.json
279 verbose targetResolver reading package data from /Users/satwinderpal/Documents/meadowlark/node_modules/dashdash/package.json
280 verbose targetResolver reading package data from /Users/satwinderpal/Documents/meadowlark/node_modules/debug/package.json
281 verbose targetResolver reading package data from /Users/satwinderpal/Documents/meadowlark/node_modules/deep-eql/package.json
282 verbose targetResolver reading package data from /Users/satwinderpal/Documents/meadowlark/node_modules/deep-is/package.json
283 verbose targetResolver reading package data from /Users/satwinderpal/Documents/meadowlark/node_modules/delayed-stream/package.json
284 verbose targetResolver reading package data from /Users/satwinderpal/Documents/meadowlark/node_modules/depd/package.json
285 verbose targetResolver reading package data from /Users/satwinderpal/Documents/meadowlark/node_modules/destroy/package.json
286 verbose targetResolver reading package data from /Users/satwinderpal/Documents/meadowlark/node_modules/diff/package.json
287 verbose targetResolver reading package data from /Users/satwinderpal/Documents/meadowlark/node_modules/dom-serializer/package.json
288 verbose targetResolver reading package data from /Users/satwinderpal/Documents/meadowlark/node_modules/domelementtype/package.json
289 verbose targetResolver reading package data from /Users/satwinderpal/Documents/meadowlark/node_modules/domhandler/package.json
290 verbose targetResolver reading package data from /Users/satwinderpal/Documents/meadowlark/node_modules/domutils/package.json
291 verbose targetResolver reading package data from /Users/satwinderpal/Documents/meadowlark/node_modules/ecc-jsbn/package.json
292 verbose targetResolver reading package data from /Users/satwinderpal/Documents/meadowlark/node_modules/ee-first/package.json
293 verbose targetResolver reading package data from /Users/satwinderpal/Documents/meadowlark/node_modules/encodeurl/package.json
294 verbose targetResolver reading package data from /Users/satwinderpal/Documents/meadowlark/node_modules/entities/package.json
295 verbose targetResolver reading package data from /Users/satwinderpal/Documents/meadowlark/node_modules/escape-html/package.json
296 verbose targetResolver reading package data from /Users/satwinderpal/Documents/meadowlark/node_modules/escape-string-regexp/package.json
297 verbose targetResolver reading package data from /Users/satwinderpal/Documents/meadowlark/node_modules/escodegen/package.json
298 verbose targetResolver reading package data from /Users/satwinderpal/Documents/meadowlark/node_modules/esprima/package.json
299 verbose targetResolver reading package data from /Users/satwinderpal/Documents/meadowlark/node_modules/estraverse/package.json
300 verbose targetResolver reading package data from /Users/satwinderpal/Documents/meadowlark/node_modules/esutils/package.json
301 verbose targetResolver reading package data from /Users/satwinderpal/Documents/meadowlark/node_modules/etag/package.json
302 verbose targetResolver reading package data from /Users/satwinderpal/Documents/meadowlark/node_modules/eventsource/package.json
303 verbose targetResolver reading package data from /Users/satwinderpal/Documents/meadowlark/node_modules/express/package.json
304 verbose targetResolver reading package data from /Users/satwinderpal/Documents/meadowlark/node_modules/express3-handlebars/package.json
305 verbose targetResolver reading package data from /Users/satwinderpal/Documents/meadowlark/node_modules/extend/package.json
306 verbose targetResolver reading package data from /Users/satwinderpal/Documents/meadowlark/node_modules/extsprintf/package.json
307 verbose targetResolver reading package data from /Users/satwinderpal/Documents/meadowlark/node_modules/fast-levenshtein/package.json
308 verbose targetResolver reading package data from /Users/satwinderpal/Documents/meadowlark/node_modules/finalhandler/package.json
309 verbose targetResolver reading package data from /Users/satwinderpal/Documents/meadowlark/node_modules/forever-agent/package.json
310 verbose targetResolver reading package data from /Users/satwinderpal/Documents/meadowlark/node_modules/form-data/package.json
311 verbose targetResolver reading package data from /Users/satwinderpal/Documents/meadowlark/node_modules/forwarded/package.json
312 verbose targetResolver reading package data from /Users/satwinderpal/Documents/meadowlark/node_modules/fresh/package.json
313 verbose targetResolver reading package data from /Users/satwinderpal/Documents/meadowlark/node_modules/fs.realpath/package.json
314 verbose targetResolver reading package data from /Users/satwinderpal/Documents/meadowlark/node_modules/generate-function/package.json
315 verbose targetResolver reading package data from /Users/satwinderpal/Documents/meadowlark/node_modules/generate-object-property/package.json
316 verbose targetResolver reading package data from /Users/satwinderpal/Documents/meadowlark/node_modules/getpass/package.json
317 verbose targetResolver reading package data from /Users/satwinderpal/Documents/meadowlark/node_modules/glob/package.json
318 verbose targetResolver reading package data from /Users/satwinderpal/Documents/meadowlark/node_modules/graceful-readlink/package.json
319 verbose targetResolver reading package data from /Users/satwinderpal/Documents/meadowlark/node_modules/growl/package.json
320 verbose targetResolver reading package data from /Users/satwinderpal/Documents/meadowlark/node_modules/handlebars/package.json
321 verbose targetResolver reading package data from /Users/satwinderpal/Documents/meadowlark/node_modules/har-validator/package.json
322 verbose targetResolver reading package data from /Users/satwinderpal/Documents/meadowlark/node_modules/has-ansi/package.json
323 verbose targetResolver reading package data from /Users/satwinderpal/Documents/meadowlark/node_modules/has-flag/package.json
324 verbose targetResolver reading package data from /Users/satwinderpal/Documents/meadowlark/node_modules/hawk/package.json
325 verbose targetResolver reading package data from /Users/satwinderpal/Documents/meadowlark/node_modules/hoek/package.json
326 verbose targetResolver reading package data from /Users/satwinderpal/Documents/meadowlark/node_modules/htmlparser2/package.json
327 verbose targetResolver reading package data from /Users/satwinderpal/Documents/meadowlark/node_modules/http-errors/package.json
328 verbose targetResolver reading package data from /Users/satwinderpal/Documents/meadowlark/node_modules/http-signature/package.json
329 verbose targetResolver reading package data from /Users/satwinderpal/Documents/meadowlark/node_modules/iconv-lite/package.json
330 verbose targetResolver reading package data from /Users/satwinderpal/Documents/meadowlark/node_modules/inflight/package.json
331 verbose targetResolver reading package data from /Users/satwinderpal/Documents/meadowlark/node_modules/inherits/package.json
332 verbose targetResolver reading package data from /Users/satwinderpal/Documents/meadowlark/node_modules/ipaddr.js/package.json
333 verbose targetResolver reading package data from /Users/satwinderpal/Documents/meadowlark/node_modules/is-my-json-valid/package.json
334 verbose targetResolver reading package data from /Users/satwinderpal/Documents/meadowlark/node_modules/is-property/package.json
335 verbose targetResolver reading package data from /Users/satwinderpal/Documents/meadowlark/node_modules/is-typedarray/package.json
336 verbose targetResolver reading package data from /Users/satwinderpal/Documents/meadowlark/node_modules/isarray/package.json
337 verbose targetResolver reading package data from /Users/satwinderpal/Documents/meadowlark/node_modules/isstream/package.json
338 verbose targetResolver reading package data from /Users/satwinderpal/Documents/meadowlark/node_modules/jodid25519/package.json
339 verbose targetResolver reading package data from /Users/satwinderpal/Documents/meadowlark/node_modules/jsbn/package.json
340 verbose targetResolver reading package data from /Users/satwinderpal/Documents/meadowlark/node_modules/jsdom/package.json
341 verbose targetResolver reading package data from /Users/satwinderpal/Documents/meadowlark/node_modules/json-schema/package.json
342 verbose targetResolver reading package data from /Users/satwinderpal/Documents/meadowlark/node_modules/json-stringify-safe/package.json
343 verbose targetResolver reading package data from /Users/satwinderpal/Documents/meadowlark/node_modules/json3/package.json
344 verbose targetResolver reading package data from /Users/satwinderpal/Documents/meadowlark/node_modules/jsonpointer/package.json
345 verbose targetResolver reading package data from /Users/satwinderpal/Documents/meadowlark/node_modules/jsprim/package.json
346 verbose targetResolver reading package data from /Users/satwinderpal/Documents/meadowlark/node_modules/levn/package.json
347 verbose targetResolver reading package data from /Users/satwinderpal/Documents/meadowlark/node_modules/lodash/package.json
348 verbose targetResolver reading package data from /Users/satwinderpal/Documents/meadowlark/node_modules/lodash._baseassign/package.json
349 verbose targetResolver reading package data from /Users/satwinderpal/Documents/meadowlark/node_modules/lodash._basecopy/package.json
350 verbose targetResolver reading package data from /Users/satwinderpal/Documents/meadowlark/node_modules/lodash._basecreate/package.json
351 verbose targetResolver reading package data from /Users/satwinderpal/Documents/meadowlark/node_modules/lodash._getnative/package.json
352 verbose targetResolver reading package data from /Users/satwinderpal/Documents/meadowlark/node_modules/lodash._isiterateecall/package.json
353 verbose targetResolver reading package data from /Users/satwinderpal/Documents/meadowlark/node_modules/lodash.create/package.json
354 verbose targetResolver reading package data from /Users/satwinderpal/Documents/meadowlark/node_modules/lodash.isarguments/package.json
355 verbose targetResolver reading package data from /Users/satwinderpal/Documents/meadowlark/node_modules/lodash.isarray/package.json
356 verbose targetResolver reading package data from /Users/satwinderpal/Documents/meadowlark/node_modules/lodash.keys/package.json
357 verbose targetResolver reading package data from /Users/satwinderpal/Documents/meadowlark/node_modules/lru-cache/package.json
358 verbose targetResolver reading package data from /Users/satwinderpal/Documents/meadowlark/node_modules/marked/package.json
359 verbose targetResolver reading package data from /Users/satwinderpal/Documents/meadowlark/node_modules/media-typer/package.json
360 verbose targetResolver reading package data from /Users/satwinderpal/Documents/meadowlark/node_modules/merge-descriptors/package.json
361 verbose targetResolver reading package data from /Users/satwinderpal/Documents/meadowlark/node_modules/methods/package.json
362 verbose targetResolver reading package data from /Users/satwinderpal/Documents/meadowlark/node_modules/mime/package.json
363 verbose targetResolver reading package data from /Users/satwinderpal/Documents/meadowlark/node_modules/mime-db/package.json
364 verbose targetResolver reading package data from /Users/satwinderpal/Documents/meadowlark/node_modules/mime-types/package.json
365 verbose targetResolver reading package data from /Users/satwinderpal/Documents/meadowlark/node_modules/minimatch/package.json
366 verbose targetResolver reading package data from /Users/satwinderpal/Documents/meadowlark/node_modules/minimist/package.json
367 verbose targetResolver reading package data from /Users/satwinderpal/Documents/meadowlark/node_modules/mkdirp/package.json
368 verbose targetResolver reading package data from /Users/satwinderpal/Documents/meadowlark/node_modules/mocha/package.json
369 verbose targetResolver reading package data from /Users/satwinderpal/Documents/meadowlark/node_modules/ms/package.json
370 verbose targetResolver reading package data from /Users/satwinderpal/Documents/meadowlark/node_modules/nan/package.json
371 verbose targetResolver reading package data from /Users/satwinderpal/Documents/meadowlark/node_modules/negotiator/package.json
372 verbose targetResolver reading package data from /Users/satwinderpal/Documents/meadowlark/node_modules/node-uuid/package.json
373 verbose targetResolver reading package data from /Users/satwinderpal/Documents/meadowlark/node_modules/nwmatcher/package.json
374 verbose targetResolver reading package data from /Users/satwinderpal/Documents/meadowlark/node_modules/oauth-sign/package.json
375 verbose targetResolver reading package data from /Users/satwinderpal/Documents/meadowlark/node_modules/on-finished/package.json
376 verbose targetResolver reading package data from /Users/satwinderpal/Documents/meadowlark/node_modules/once/package.json
377 verbose targetResolver reading package data from /Users/satwinderpal/Documents/meadowlark/node_modules/optimist/package.json
378 verbose targetResolver reading package data from /Users/satwinderpal/Documents/meadowlark/node_modules/optionator/package.json
379 verbose targetResolver reading package data from /Users/satwinderpal/Documents/meadowlark/node_modules/options/package.json
380 verbose targetResolver reading package data from /Users/satwinderpal/Documents/meadowlark/node_modules/original/package.json
381 verbose targetResolver reading package data from /Users/satwinderpal/Documents/meadowlark/node_modules/parse5/package.json
382 verbose targetResolver reading package data from /Users/satwinderpal/Documents/meadowlark/node_modules/parseurl/package.json
383 verbose targetResolver reading package data from /Users/satwinderpal/Documents/meadowlark/node_modules/path-is-absolute/package.json
384 verbose targetResolver reading package data from /Users/satwinderpal/Documents/meadowlark/node_modules/path-to-regexp/package.json
385 verbose targetResolver reading package data from /Users/satwinderpal/Documents/meadowlark/node_modules/pinkie/package.json
386 verbose targetResolver reading package data from /Users/satwinderpal/Documents/meadowlark/node_modules/pinkie-promise/package.json
387 verbose targetResolver reading package data from /Users/satwinderpal/Documents/meadowlark/node_modules/prelude-ls/package.json
388 verbose targetResolver reading package data from /Users/satwinderpal/Documents/meadowlark/node_modules/process-nextick-args/package.json
389 verbose targetResolver reading package data from /Users/satwinderpal/Documents/meadowlark/node_modules/proxy-addr/package.json
390 verbose targetResolver reading package data from /Users/satwinderpal/Documents/meadowlark/node_modules/punycode/package.json
391 verbose targetResolver reading package data from /Users/satwinderpal/Documents/meadowlark/node_modules/qs/package.json
392 verbose targetResolver reading package data from /Users/satwinderpal/Documents/meadowlark/node_modules/querystringify/package.json
393 verbose targetResolver reading package data from /Users/satwinderpal/Documents/meadowlark/node_modules/range-parser/package.json
394 verbose targetResolver reading package data from /Users/satwinderpal/Documents/meadowlark/node_modules/readable-stream/package.json
395 verbose targetResolver reading package data from /Users/satwinderpal/Documents/meadowlark/node_modules/request/package.json
396 verbose targetResolver reading package data from /Users/satwinderpal/Documents/meadowlark/node_modules/requires-port/package.json
397 verbose targetResolver reading package data from /Users/satwinderpal/Documents/meadowlark/node_modules/semver/package.json
398 verbose targetResolver reading package data from /Users/satwinderpal/Documents/meadowlark/node_modules/send/package.json
399 verbose targetResolver reading package data from /Users/satwinderpal/Documents/meadowlark/node_modules/serve-static/package.json
400 verbose targetResolver reading package data from /Users/satwinderpal/Documents/meadowlark/node_modules/setprototypeof/package.json
401 verbose targetResolver reading package data from /Users/satwinderpal/Documents/meadowlark/node_modules/sigmund/package.json
402 verbose targetResolver reading package data from /Users/satwinderpal/Documents/meadowlark/node_modules/sntp/package.json
403 verbose targetResolver reading package data from /Users/satwinderpal/Documents/meadowlark/node_modules/source-map/package.json
404 verbose targetResolver reading package data from /Users/satwinderpal/Documents/meadowlark/node_modules/sshpk/package.json
405 verbose targetResolver reading package data from /Users/satwinderpal/Documents/meadowlark/node_modules/statuses/package.json
406 verbose targetResolver reading package data from /Users/satwinderpal/Documents/meadowlark/node_modules/string_decoder/package.json
407 verbose targetResolver reading package data from /Users/satwinderpal/Documents/meadowlark/node_modules/stringstream/package.json
408 verbose targetResolver reading package data from /Users/satwinderpal/Documents/meadowlark/node_modules/strip-ansi/package.json
409 verbose targetResolver reading package data from /Users/satwinderpal/Documents/meadowlark/node_modules/supports-color/package.json
410 verbose targetResolver reading package data from /Users/satwinderpal/Documents/meadowlark/node_modules/tough-cookie/package.json
411 verbose targetResolver reading package data from /Users/satwinderpal/Documents/meadowlark/node_modules/tunnel-agent/package.json
412 verbose targetResolver reading package data from /Users/satwinderpal/Documents/meadowlark/node_modules/tweetnacl/package.json
413 verbose targetResolver reading package data from /Users/satwinderpal/Documents/meadowlark/node_modules/type-check/package.json
414 verbose targetResolver reading package data from /Users/satwinderpal/Documents/meadowlark/node_modules/type-detect/package.json
415 verbose targetResolver reading package data from /Users/satwinderpal/Documents/meadowlark/node_modules/type-is/package.json
416 verbose targetResolver reading package data from /Users/satwinderpal/Documents/meadowlark/node_modules/uglify-js/package.json
417 verbose targetResolver reading package data from /Users/satwinderpal/Documents/meadowlark/node_modules/ultron/package.json
418 verbose targetResolver reading package data from /Users/satwinderpal/Documents/meadowlark/node_modules/unpipe/package.json
419 verbose targetResolver reading package data from /Users/satwinderpal/Documents/meadowlark/node_modules/url-parse/package.json
420 verbose targetResolver reading package data from /Users/satwinderpal/Documents/meadowlark/node_modules/utf-8-validate/package.json
421 verbose targetResolver reading package data from /Users/satwinderpal/Documents/meadowlark/node_modules/util-deprecate/package.json
422 verbose targetResolver reading package data from /Users/satwinderpal/Documents/meadowlark/node_modules/utils-merge/package.json
423 verbose targetResolver reading package data from /Users/satwinderpal/Documents/meadowlark/node_modules/vary/package.json
424 verbose targetResolver reading package data from /Users/satwinderpal/Documents/meadowlark/node_modules/verror/package.json
425 verbose targetResolver reading package data from /Users/satwinderpal/Documents/meadowlark/node_modules/wordwrap/package.json
426 verbose targetResolver reading package data from /Users/satwinderpal/Documents/meadowlark/node_modules/wrappy/package.json
427 verbose targetResolver reading package data from /Users/satwinderpal/Documents/meadowlark/node_modules/ws/package.json
428 verbose targetResolver reading package data from /Users/satwinderpal/Documents/meadowlark/node_modules/xml-name-validator/package.json
429 verbose targetResolver reading package data from /Users/satwinderpal/Documents/meadowlark/node_modules/xmlhttprequest/package.json
430 verbose targetResolver reading package data from /Users/satwinderpal/Documents/meadowlark/node_modules/xtend/package.json
431 verbose targetResolver reading package data from /Users/satwinderpal/Documents/meadowlark/node_modules/zombie/package.json
432 verbose targetResolver reading package data from /Users/satwinderpal/Documents/meadowlark/node_modules/.bin/acorn/package.json
433 verbose targetResolver reading package data from /Users/satwinderpal/Documents/meadowlark/node_modules/.bin/escodegen/package.json
434 verbose targetResolver reading package data from /Users/satwinderpal/Documents/meadowlark/node_modules/.bin/esgenerate/package.json
435 verbose targetResolver reading package data from /Users/satwinderpal/Documents/meadowlark/node_modules/.bin/esparse/package.json
436 verbose targetResolver reading package data from /Users/satwinderpal/Documents/meadowlark/node_modules/.bin/esvalidate/package.json
437 verbose targetResolver reading package data from /Users/satwinderpal/Documents/meadowlark/node_modules/.bin/handlebars/package.json
438 verbose targetResolver reading package data from /Users/satwinderpal/Documents/meadowlark/node_modules/.bin/har-validator/package.json
439 verbose targetResolver reading package data from /Users/satwinderpal/Documents/meadowlark/node_modules/.bin/marked/package.json
440 verbose targetResolver reading package data from /Users/satwinderpal/Documents/meadowlark/node_modules/.bin/mime/package.json
441 verbose targetResolver reading package data from /Users/satwinderpal/Documents/meadowlark/node_modules/.bin/mkdirp/package.json
442 verbose targetResolver reading package data from /Users/satwinderpal/Documents/meadowlark/node_modules/.bin/mocha/package.json
443 verbose targetResolver reading package data from /Users/satwinderpal/Documents/meadowlark/node_modules/.bin/semver/package.json
444 verbose targetResolver reading package data from /Users/satwinderpal/Documents/meadowlark/node_modules/.bin/sshpk-conv/package.json
445 verbose targetResolver reading package data from /Users/satwinderpal/Documents/meadowlark/node_modules/.bin/sshpk-sign/package.json
446 verbose targetResolver reading package data from /Users/satwinderpal/Documents/meadowlark/node_modules/.bin/sshpk-verify/package.json
447 verbose targetResolver reading package data from /Users/satwinderpal/Documents/meadowlark/node_modules/.bin/uglifyjs/package.json
448 verbose targetResolver reading package data from /Users/satwinderpal/Documents/meadowlark/node_modules/.bin/uuid/package.json
449 verbose already installed skipping zombie@^4.2.1 /Users/satwinderpal/Documents/meadowlark
450 verbose already installed skipping express@^4.14.0 /Users/satwinderpal/Documents/meadowlark
451 verbose already installed skipping express3-handlebars@^0.5.2 /Users/satwinderpal/Documents/meadowlark
452 verbose already installed skipping marked@^0.3.6 /Users/satwinderpal/Documents/meadowlark
453 verbose already installed skipping chai@^3.5.0 /Users/satwinderpal/Documents/meadowlark
454 verbose already installed skipping mocha@^3.0.2 /Users/satwinderpal/Documents/meadowlark
455 silly install resolved []
456 info build /Users/satwinderpal/Documents/meadowlark
457 info linkStuff meadowlark@0.0.1
458 silly linkStuff meadowlark@0.0.1 has /Users/satwinderpal/Documents as its parent node_modules
459 verbose linkBins meadowlark@0.0.1
460 verbose linkMans meadowlark@0.0.1
461 verbose rebuildBundles meadowlark@0.0.1
462 verbose rebuildBundles [ '.DS_Store',
462 verbose rebuildBundles   '.bin',
462 verbose rebuildBundles   'accepts',
462 verbose rebuildBundles   'acorn',
462 verbose rebuildBundles   'acorn-globals',
462 verbose rebuildBundles   'amdefine',
462 verbose rebuildBundles   'ansi-regex',
462 verbose rebuildBundles   'ansi-styles',
462 verbose rebuildBundles   'array-flatten',
462 verbose rebuildBundles   'asn1',
462 verbose rebuildBundles   'assert-plus',
462 verbose rebuildBundles   'assertion-error',
462 verbose rebuildBundles   'async',
462 verbose rebuildBundles   'aws-sign2',
462 verbose rebuildBundles   'aws4',
462 verbose rebuildBundles   'babel-runtime',
462 verbose rebuildBundles   'balanced-match',
462 verbose rebuildBundles   'bindings',
462 verbose rebuildBundles   'bl',
462 verbose rebuildBundles   'bluebird',
462 verbose rebuildBundles   'boom',
462 verbose rebuildBundles   'brace-expansion',
462 verbose rebuildBundles   'browser-request',
462 verbose rebuildBundles   'browser-stdout',
462 verbose rebuildBundles   'buffer-shims',
462 verbose rebuildBundles   'bufferutil',
462 verbose rebuildBundles   'caseless',
462 verbose rebuildBundles   'chai',
462 verbose rebuildBundles   'chalk',
462 verbose rebuildBundles   'combined-stream',
462 verbose rebuildBundles   'commander',
462 verbose rebuildBundles   'concat-map',
462 verbose rebuildBundles   'content-disposition',
462 verbose rebuildBundles   'content-type',
462 verbose rebuildBundles   'cookie',
462 verbose rebuildBundles   'cookie-signature',
462 verbose rebuildBundles   'core-js',
462 verbose rebuildBundles   'core-util-is',
462 verbose rebuildBundles   'cryptiles',
462 verbose rebuildBundles   'cssom',
462 verbose rebuildBundles   'cssstyle',
462 verbose rebuildBundles   'dashdash',
462 verbose rebuildBundles   'debug',
462 verbose rebuildBundles   'deep-eql',
462 verbose rebuildBundles   'deep-is',
462 verbose rebuildBundles   'delayed-stream',
462 verbose rebuildBundles   'depd',
462 verbose rebuildBundles   'destroy',
462 verbose rebuildBundles   'diff',
462 verbose rebuildBundles   'dom-serializer',
462 verbose rebuildBundles   'domelementtype',
462 verbose rebuildBundles   'domhandler',
462 verbose rebuildBundles   'domutils',
462 verbose rebuildBundles   'ecc-jsbn',
462 verbose rebuildBundles   'ee-first',
462 verbose rebuildBundles   'encodeurl',
462 verbose rebuildBundles   'entities',
462 verbose rebuildBundles   'escape-html',
462 verbose rebuildBundles   'escape-string-regexp',
462 verbose rebuildBundles   'escodegen',
462 verbose rebuildBundles   'esprima',
462 verbose rebuildBundles   'estraverse',
462 verbose rebuildBundles   'esutils',
462 verbose rebuildBundles   'etag',
462 verbose rebuildBundles   'eventsource',
462 verbose rebuildBundles   'express',
462 verbose rebuildBundles   'express3-handlebars',
462 verbose rebuildBundles   'extend',
462 verbose rebuildBundles   'extsprintf',
462 verbose rebuildBundles   'fast-levenshtein',
462 verbose rebuildBundles   'finalhandler',
462 verbose rebuildBundles   'forever-agent',
462 verbose rebuildBundles   'form-data',
462 verbose rebuildBundles   'forwarded',
462 verbose rebuildBundles   'fresh',
462 verbose rebuildBundles   'fs.realpath',
462 verbose rebuildBundles   'generate-function',
462 verbose rebuildBundles   'generate-object-property',
462 verbose rebuildBundles   'getpass',
462 verbose rebuildBundles   'glob',
462 verbose rebuildBundles   'graceful-readlink',
462 verbose rebuildBundles   'growl',
462 verbose rebuildBundles   'handlebars',
462 verbose rebuildBundles   'har-validator',
462 verbose rebuildBundles   'has-ansi',
462 verbose rebuildBundles   'has-flag',
462 verbose rebuildBundles   'hawk',
462 verbose rebuildBundles   'hoek',
462 verbose rebuildBundles   'htmlparser2',
462 verbose rebuildBundles   'http-errors',
462 verbose rebuildBundles   'http-signature',
462 verbose rebuildBundles   'iconv-lite',
462 verbose rebuildBundles   'inflight',
462 verbose rebuildBundles   'inherits',
462 verbose rebuildBundles   'ipaddr.js',
462 verbose rebuildBundles   'is-my-json-valid',
462 verbose rebuildBundles   'is-property',
462 verbose rebuildBundles   'is-typedarray',
462 verbose rebuildBundles   'isarray',
462 verbose rebuildBundles   'isstream',
462 verbose rebuildBundles   'jodid25519',
462 verbose rebuildBundles   'jsbn',
462 verbose rebuildBundles   'jsdom',
462 verbose rebuildBundles   'json-schema',
462 verbose rebuildBundles   'json-stringify-safe',
462 verbose rebuildBundles   'json3',
462 verbose rebuildBundles   'jsonpointer',
462 verbose rebuildBundles   'jsprim',
462 verbose rebuildBundles   'levn',
462 verbose rebuildBundles   'lodash',
462 verbose rebuildBundles   'lodash._baseassign',
462 verbose rebuildBundles   'lodash._basecopy',
462 verbose rebuildBundles   'lodash._basecreate',
462 verbose rebuildBundles   'lodash._getnative',
462 verbose rebuildBundles   'lodash._isiterateecall',
462 verbose rebuildBundles   'lodash.create',
462 verbose rebuildBundles   'lodash.isarguments',
462 verbose rebuildBundles   'lodash.isarray',
462 verbose rebuildBundles   'lodash.keys',
462 verbose rebuildBundles   'lru-cache',
462 verbose rebuildBundles   'marked',
462 verbose rebuildBundles   'media-typer',
462 verbose rebuildBundles   'merge-descriptors',
462 verbose rebuildBundles   'methods',
462 verbose rebuildBundles   'mime',
462 verbose rebuildBundles   'mime-db',
462 verbose rebuildBundles   'mime-types',
462 verbose rebuildBundles   'minimatch',
462 verbose rebuildBundles   'minimist',
462 verbose rebuildBundles   'mkdirp',
462 verbose rebuildBundles   'mocha',
462 verbose rebuildBundles   'ms',
462 verbose rebuildBundles   'nan',
462 verbose rebuildBundles   'negotiator',
462 verbose rebuildBundles   'node-uuid',
462 verbose rebuildBundles   'nwmatcher',
462 verbose rebuildBundles   'oauth-sign',
462 verbose rebuildBundles   'on-finished',
462 verbose rebuildBundles   'once',
462 verbose rebuildBundles   'optimist',
462 verbose rebuildBundles   'optionator',
462 verbose rebuildBundles   'options',
462 verbose rebuildBundles   'original',
462 verbose rebuildBundles   'parse5',
462 verbose rebuildBundles   'parseurl',
462 verbose rebuildBundles   'path-is-absolute',
462 verbose rebuildBundles   'path-to-regexp',
462 verbose rebuildBundles   'pinkie',
462 verbose rebuildBundles   'pinkie-promise',
462 verbose rebuildBundles   'prelude-ls',
462 verbose rebuildBundles   'process-nextick-args',
462 verbose rebuildBundles   'proxy-addr',
462 verbose rebuildBundles   'punycode',
462 verbose rebuildBundles   'qs',
462 verbose rebuildBundles   'querystringify',
462 verbose rebuildBundles   'range-parser',
462 verbose rebuildBundles   'readable-stream',
462 verbose rebuildBundles   'request',
462 verbose rebuildBundles   'requires-port',
462 verbose rebuildBundles   'semver',
462 verbose rebuildBundles   'send',
462 verbose rebuildBundles   'serve-static',
462 verbose rebuildBundles   'setprototypeof',
462 verbose rebuildBundles   'sigmund',
462 verbose rebuildBundles   'sntp',
462 verbose rebuildBundles   'source-map',
462 verbose rebuildBundles   'sshpk',
462 verbose rebuildBundles   'statuses',
462 verbose rebuildBundles   'string_decoder',
462 verbose rebuildBundles   'stringstream',
462 verbose rebuildBundles   'strip-ansi',
462 verbose rebuildBundles   'supports-color',
462 verbose rebuildBundles   'tough-cookie',
462 verbose rebuildBundles   'tunnel-agent',
462 verbose rebuildBundles   'tweetnacl',
462 verbose rebuildBundles   'type-check',
462 verbose rebuildBundles   'type-detect',
462 verbose rebuildBundles   'type-is',
462 verbose rebuildBundles   'uglify-js',
462 verbose rebuildBundles   'ultron',
462 verbose rebuildBundles   'unpipe',
462 verbose rebuildBundles   'url-parse',
462 verbose rebuildBundles   'utf-8-validate',
462 verbose rebuildBundles   'util-deprecate',
462 verbose rebuildBundles   'utils-merge',
462 verbose rebuildBundles   'vary',
462 verbose rebuildBundles   'verror',
462 verbose rebuildBundles   'wordwrap',
462 verbose rebuildBundles   'wrappy',
462 verbose rebuildBundles   'ws',
462 verbose rebuildBundles   'xml-name-validator',
462 verbose rebuildBundles   'xmlhttprequest',
462 verbose rebuildBundles   'xtend',
462 verbose rebuildBundles   'zombie' ]
463 verbose rebuild bundle /Users/satwinderpal/Documents/meadowlark/node_modules/accepts
464 info build /Users/satwinderpal/Documents/meadowlark/node_modules/accepts
465 info preinstall accepts@1.3.3
466 info linkStuff accepts@1.3.3
467 silly linkStuff accepts@1.3.3 has /Users/satwinderpal/Documents/meadowlark/node_modules as its parent node_modules
468 verbose linkBins accepts@1.3.3
469 verbose linkMans accepts@1.3.3
470 verbose rebuildBundles accepts@1.3.3
471 info install accepts@1.3.3
472 info postinstall accepts@1.3.3
473 verbose rebuild bundle /Users/satwinderpal/Documents/meadowlark/node_modules/acorn
474 info build /Users/satwinderpal/Documents/meadowlark/node_modules/acorn
475 info preinstall acorn@1.2.2
476 info linkStuff acorn@1.2.2
477 silly linkStuff acorn@1.2.2 has /Users/satwinderpal/Documents/meadowlark/node_modules as its parent node_modules
478 verbose linkBins acorn@1.2.2
479 verbose link bins [ { acorn: './bin/acorn' },
479 verbose link bins   '/Users/satwinderpal/Documents/meadowlark/node_modules/.bin',
479 verbose link bins   false ]
480 verbose linkMans acorn@1.2.2
481 verbose rebuildBundles acorn@1.2.2
482 silly gentlyRm /Users/satwinderpal/Documents/meadowlark/node_modules/.bin/acorn is being purged
483 verbose gentlyRm don't care about contents; nuking /Users/satwinderpal/Documents/meadowlark/node_modules/.bin/acorn
484 silly vacuum-fs purging /Users/satwinderpal/Documents/meadowlark/node_modules/.bin/acorn
485 silly vacuum-fs quitting because other entries in /Users/satwinderpal/Documents/meadowlark/node_modules/.bin
486 info install acorn@1.2.2
487 info postinstall acorn@1.2.2
488 verbose rebuild bundle /Users/satwinderpal/Documents/meadowlark/node_modules/acorn-globals
489 info build /Users/satwinderpal/Documents/meadowlark/node_modules/acorn-globals
490 info preinstall acorn-globals@1.0.9
491 info linkStuff acorn-globals@1.0.9
492 silly linkStuff acorn-globals@1.0.9 has /Users/satwinderpal/Documents/meadowlark/node_modules as its parent node_modules
493 verbose linkBins acorn-globals@1.0.9
494 verbose linkMans acorn-globals@1.0.9
495 verbose rebuildBundles acorn-globals@1.0.9
496 verbose rebuildBundles [ '.bin', 'acorn' ]
497 info install acorn-globals@1.0.9
498 info postinstall acorn-globals@1.0.9
499 verbose rebuild bundle /Users/satwinderpal/Documents/meadowlark/node_modules/amdefine
500 info build /Users/satwinderpal/Documents/meadowlark/node_modules/amdefine
501 info preinstall amdefine@1.0.0
502 info linkStuff amdefine@1.0.0
503 silly linkStuff amdefine@1.0.0 has /Users/satwinderpal/Documents/meadowlark/node_modules as its parent node_modules
504 verbose linkBins amdefine@1.0.0
505 verbose linkMans amdefine@1.0.0
506 verbose rebuildBundles amdefine@1.0.0
507 info install amdefine@1.0.0
508 info postinstall amdefine@1.0.0
509 verbose rebuild bundle /Users/satwinderpal/Documents/meadowlark/node_modules/ansi-regex
510 info build /Users/satwinderpal/Documents/meadowlark/node_modules/ansi-regex
511 info preinstall ansi-regex@2.0.0
512 info linkStuff ansi-regex@2.0.0
513 silly linkStuff ansi-regex@2.0.0 has /Users/satwinderpal/Documents/meadowlark/node_modules as its parent node_modules
514 verbose linkBins ansi-regex@2.0.0
515 verbose linkMans ansi-regex@2.0.0
516 verbose rebuildBundles ansi-regex@2.0.0
517 info install ansi-regex@2.0.0
518 info postinstall ansi-regex@2.0.0
519 verbose rebuild bundle /Users/satwinderpal/Documents/meadowlark/node_modules/ansi-styles
520 info build /Users/satwinderpal/Documents/meadowlark/node_modules/ansi-styles
521 info preinstall ansi-styles@2.2.1
522 info linkStuff ansi-styles@2.2.1
523 silly linkStuff ansi-styles@2.2.1 has /Users/satwinderpal/Documents/meadowlark/node_modules as its parent node_modules
524 verbose linkBins ansi-styles@2.2.1
525 verbose linkMans ansi-styles@2.2.1
526 verbose rebuildBundles ansi-styles@2.2.1
527 info install ansi-styles@2.2.1
528 info postinstall ansi-styles@2.2.1
529 verbose rebuild bundle /Users/satwinderpal/Documents/meadowlark/node_modules/array-flatten
530 info build /Users/satwinderpal/Documents/meadowlark/node_modules/array-flatten
531 info preinstall array-flatten@1.1.1
532 info linkStuff array-flatten@1.1.1
533 silly linkStuff array-flatten@1.1.1 has /Users/satwinderpal/Documents/meadowlark/node_modules as its parent node_modules
534 verbose linkBins array-flatten@1.1.1
535 verbose linkMans array-flatten@1.1.1
536 verbose rebuildBundles array-flatten@1.1.1
537 info install array-flatten@1.1.1
538 info postinstall array-flatten@1.1.1
539 verbose rebuild bundle /Users/satwinderpal/Documents/meadowlark/node_modules/asn1
540 info build /Users/satwinderpal/Documents/meadowlark/node_modules/asn1
541 info preinstall asn1@0.2.3
542 info linkStuff asn1@0.2.3
543 silly linkStuff asn1@0.2.3 has /Users/satwinderpal/Documents/meadowlark/node_modules as its parent node_modules
544 verbose linkBins asn1@0.2.3
545 verbose linkMans asn1@0.2.3
546 verbose rebuildBundles asn1@0.2.3
547 info install asn1@0.2.3
548 info postinstall asn1@0.2.3
549 verbose rebuild bundle /Users/satwinderpal/Documents/meadowlark/node_modules/assert-plus
550 info build /Users/satwinderpal/Documents/meadowlark/node_modules/assert-plus
551 info preinstall assert-plus@0.2.0
552 info linkStuff assert-plus@0.2.0
553 silly linkStuff assert-plus@0.2.0 has /Users/satwinderpal/Documents/meadowlark/node_modules as its parent node_modules
554 verbose linkBins assert-plus@0.2.0
555 verbose linkMans assert-plus@0.2.0
556 verbose rebuildBundles assert-plus@0.2.0
557 info install assert-plus@0.2.0
558 info postinstall assert-plus@0.2.0
559 verbose rebuild bundle /Users/satwinderpal/Documents/meadowlark/node_modules/assertion-error
560 info build /Users/satwinderpal/Documents/meadowlark/node_modules/assertion-error
561 info preinstall assertion-error@1.0.2
562 info linkStuff assertion-error@1.0.2
563 silly linkStuff assertion-error@1.0.2 has /Users/satwinderpal/Documents/meadowlark/node_modules as its parent node_modules
564 verbose linkBins assertion-error@1.0.2
565 verbose linkMans assertion-error@1.0.2
566 verbose rebuildBundles assertion-error@1.0.2
567 info install assertion-error@1.0.2
568 info postinstall assertion-error@1.0.2
569 verbose rebuild bundle /Users/satwinderpal/Documents/meadowlark/node_modules/async
570 info build /Users/satwinderpal/Documents/meadowlark/node_modules/async
571 info preinstall async@0.2.10
572 info linkStuff async@0.2.10
573 silly linkStuff async@0.2.10 has /Users/satwinderpal/Documents/meadowlark/node_modules as its parent node_modules
574 verbose linkBins async@0.2.10
575 verbose linkMans async@0.2.10
576 verbose rebuildBundles async@0.2.10
577 info install async@0.2.10
578 info postinstall async@0.2.10
579 verbose rebuild bundle /Users/satwinderpal/Documents/meadowlark/node_modules/aws-sign2
580 info build /Users/satwinderpal/Documents/meadowlark/node_modules/aws-sign2
581 info preinstall aws-sign2@0.6.0
582 info linkStuff aws-sign2@0.6.0
583 silly linkStuff aws-sign2@0.6.0 has /Users/satwinderpal/Documents/meadowlark/node_modules as its parent node_modules
584 verbose linkBins aws-sign2@0.6.0
585 verbose linkMans aws-sign2@0.6.0
586 verbose rebuildBundles aws-sign2@0.6.0
587 info install aws-sign2@0.6.0
588 info postinstall aws-sign2@0.6.0
589 verbose rebuild bundle /Users/satwinderpal/Documents/meadowlark/node_modules/aws4
590 info build /Users/satwinderpal/Documents/meadowlark/node_modules/aws4
591 info preinstall aws4@1.4.1
592 info linkStuff aws4@1.4.1
593 silly linkStuff aws4@1.4.1 has /Users/satwinderpal/Documents/meadowlark/node_modules as its parent node_modules
594 verbose linkBins aws4@1.4.1
595 verbose linkMans aws4@1.4.1
596 verbose rebuildBundles aws4@1.4.1
597 info install aws4@1.4.1
598 info postinstall aws4@1.4.1
599 verbose rebuild bundle /Users/satwinderpal/Documents/meadowlark/node_modules/babel-runtime
600 info build /Users/satwinderpal/Documents/meadowlark/node_modules/babel-runtime
601 info preinstall babel-runtime@5.8.29
602 info linkStuff babel-runtime@5.8.29
603 silly linkStuff babel-runtime@5.8.29 has /Users/satwinderpal/Documents/meadowlark/node_modules as its parent node_modules
604 verbose linkBins babel-runtime@5.8.29
605 verbose linkMans babel-runtime@5.8.29
606 verbose rebuildBundles babel-runtime@5.8.29
607 info install babel-runtime@5.8.29
608 info postinstall babel-runtime@5.8.29
609 verbose rebuild bundle /Users/satwinderpal/Documents/meadowlark/node_modules/balanced-match
610 info build /Users/satwinderpal/Documents/meadowlark/node_modules/balanced-match
611 info preinstall balanced-match@0.4.2
612 info linkStuff balanced-match@0.4.2
613 silly linkStuff balanced-match@0.4.2 has /Users/satwinderpal/Documents/meadowlark/node_modules as its parent node_modules
614 verbose linkBins balanced-match@0.4.2
615 verbose linkMans balanced-match@0.4.2
616 verbose rebuildBundles balanced-match@0.4.2
617 info install balanced-match@0.4.2
618 info postinstall balanced-match@0.4.2
619 verbose rebuild bundle /Users/satwinderpal/Documents/meadowlark/node_modules/bindings
620 info build /Users/satwinderpal/Documents/meadowlark/node_modules/bindings
621 info preinstall bindings@1.2.1
622 info linkStuff bindings@1.2.1
623 silly linkStuff bindings@1.2.1 has /Users/satwinderpal/Documents/meadowlark/node_modules as its parent node_modules
624 verbose linkBins bindings@1.2.1
625 verbose linkMans bindings@1.2.1
626 verbose rebuildBundles bindings@1.2.1
627 info install bindings@1.2.1
628 info postinstall bindings@1.2.1
629 verbose rebuild bundle /Users/satwinderpal/Documents/meadowlark/node_modules/bl
630 info build /Users/satwinderpal/Documents/meadowlark/node_modules/bl
631 info preinstall bl@1.1.2
632 info linkStuff bl@1.1.2
633 silly linkStuff bl@1.1.2 has /Users/satwinderpal/Documents/meadowlark/node_modules as its parent node_modules
634 verbose linkBins bl@1.1.2
635 verbose linkMans bl@1.1.2
636 verbose rebuildBundles bl@1.1.2
637 verbose rebuildBundles [ 'readable-stream' ]
638 info install bl@1.1.2
639 info postinstall bl@1.1.2
640 verbose rebuild bundle /Users/satwinderpal/Documents/meadowlark/node_modules/bluebird
641 info build /Users/satwinderpal/Documents/meadowlark/node_modules/bluebird
642 info preinstall bluebird@3.4.1
643 info linkStuff bluebird@3.4.1
644 silly linkStuff bluebird@3.4.1 has /Users/satwinderpal/Documents/meadowlark/node_modules as its parent node_modules
645 verbose linkBins bluebird@3.4.1
646 verbose linkMans bluebird@3.4.1
647 verbose rebuildBundles bluebird@3.4.1
648 info install bluebird@3.4.1
649 info postinstall bluebird@3.4.1
650 verbose rebuild bundle /Users/satwinderpal/Documents/meadowlark/node_modules/boom
651 info build /Users/satwinderpal/Documents/meadowlark/node_modules/boom
652 info preinstall boom@2.10.1
653 info linkStuff boom@2.10.1
654 silly linkStuff boom@2.10.1 has /Users/satwinderpal/Documents/meadowlark/node_modules as its parent node_modules
655 verbose linkBins boom@2.10.1
656 verbose linkMans boom@2.10.1
657 verbose rebuildBundles boom@2.10.1
658 info install boom@2.10.1
659 info postinstall boom@2.10.1
660 verbose rebuild bundle /Users/satwinderpal/Documents/meadowlark/node_modules/brace-expansion
661 info build /Users/satwinderpal/Documents/meadowlark/node_modules/brace-expansion
662 info preinstall brace-expansion@1.1.6
663 info linkStuff brace-expansion@1.1.6
664 silly linkStuff brace-expansion@1.1.6 has /Users/satwinderpal/Documents/meadowlark/node_modules as its parent node_modules
665 verbose linkBins brace-expansion@1.1.6
666 verbose linkMans brace-expansion@1.1.6
667 verbose rebuildBundles brace-expansion@1.1.6
668 info install brace-expansion@1.1.6
669 info postinstall brace-expansion@1.1.6
670 verbose rebuild bundle /Users/satwinderpal/Documents/meadowlark/node_modules/browser-request
671 info build /Users/satwinderpal/Documents/meadowlark/node_modules/browser-request
672 info preinstall browser-request@0.3.3
673 info linkStuff browser-request@0.3.3
674 silly linkStuff browser-request@0.3.3 has /Users/satwinderpal/Documents/meadowlark/node_modules as its parent node_modules
675 verbose linkBins browser-request@0.3.3
676 verbose linkMans browser-request@0.3.3
677 verbose rebuildBundles browser-request@0.3.3
678 info install browser-request@0.3.3
679 info postinstall browser-request@0.3.3
680 verbose rebuild bundle /Users/satwinderpal/Documents/meadowlark/node_modules/browser-stdout
681 info build /Users/satwinderpal/Documents/meadowlark/node_modules/browser-stdout
682 info preinstall browser-stdout@1.3.0
683 info linkStuff browser-stdout@1.3.0
684 silly linkStuff browser-stdout@1.3.0 has /Users/satwinderpal/Documents/meadowlark/node_modules as its parent node_modules
685 verbose linkBins browser-stdout@1.3.0
686 verbose linkMans browser-stdout@1.3.0
687 verbose rebuildBundles browser-stdout@1.3.0
688 info install browser-stdout@1.3.0
689 info postinstall browser-stdout@1.3.0
690 verbose rebuild bundle /Users/satwinderpal/Documents/meadowlark/node_modules/buffer-shims
691 info build /Users/satwinderpal/Documents/meadowlark/node_modules/buffer-shims
692 info preinstall buffer-shims@1.0.0
693 info linkStuff buffer-shims@1.0.0
694 silly linkStuff buffer-shims@1.0.0 has /Users/satwinderpal/Documents/meadowlark/node_modules as its parent node_modules
695 verbose linkBins buffer-shims@1.0.0
696 verbose linkMans buffer-shims@1.0.0
697 verbose rebuildBundles buffer-shims@1.0.0
698 info install buffer-shims@1.0.0
699 info postinstall buffer-shims@1.0.0
700 verbose rebuild bundle /Users/satwinderpal/Documents/meadowlark/node_modules/bufferutil
701 info build /Users/satwinderpal/Documents/meadowlark/node_modules/bufferutil
702 info preinstall bufferutil@1.2.1
703 info linkStuff bufferutil@1.2.1
704 silly linkStuff bufferutil@1.2.1 has /Users/satwinderpal/Documents/meadowlark/node_modules as its parent node_modules
705 verbose linkBins bufferutil@1.2.1
706 verbose linkMans bufferutil@1.2.1
707 verbose rebuildBundles bufferutil@1.2.1
708 info install bufferutil@1.2.1
709 verbose unsafe-perm in lifecycle false
710 info bufferutil@1.2.1 Failed to exec install script
711 verbose stack Error: bufferutil@1.2.1 install: `node-gyp rebuild`
711 verbose stack Exit status 1
711 verbose stack     at EventEmitter.<anonymous> (/usr/local/lib/node_modules/npm/lib/utils/lifecycle.js:217:16)
711 verbose stack     at emitTwo (events.js:87:13)
711 verbose stack     at EventEmitter.emit (events.js:172:7)
711 verbose stack     at ChildProcess.<anonymous> (/usr/local/lib/node_modules/npm/lib/utils/spawn.js:24:14)
711 verbose stack     at emitTwo (events.js:87:13)
711 verbose stack     at ChildProcess.emit (events.js:172:7)
711 verbose stack     at maybeClose (internal/child_process.js:829:16)
711 verbose stack     at Process.ChildProcess._handle.onexit (internal/child_process.js:211:5)
712 verbose pkgid bufferutil@1.2.1
713 verbose cwd /Users/satwinderpal/Documents/meadowlark
714 error Darwin 15.6.0
715 error argv "/usr/local/bin/node" "/usr/local/bin/npm" "install"
716 error node v4.5.0
717 error npm  v2.15.9
718 error code ELIFECYCLE
719 error bufferutil@1.2.1 install: `node-gyp rebuild`
719 error Exit status 1
720 error Failed at the bufferutil@1.2.1 install script 'node-gyp rebuild'.
720 error This is most likely a problem with the bufferutil package,
720 error not with npm itself.
720 error Tell the author that this fails on your system:
720 error     node-gyp rebuild
720 error You can get information on how to open an issue for this project with:
720 error     npm bugs bufferutil
720 error Or if that isn't available, you can get their info via:
720 error
720 error     npm owner ls bufferutil
720 error There is likely additional logging output above.
721 verbose exit [ 1, true ]
